%!Adobe-FontList 1.11
%Locale:0x804

%BeginFont
Handler:DirectoryHandler
FontType:TrueType
FontName:BerlinSansFB-Bold
FamilyName:Berlin Sans FB
StyleName:Bold
FullName:Berlin Sans FB Bold
MenuName:Berlin Sans FB
StyleBits:2
WritingScript:Roman
OutlineFileName:F:\flash\BattleFarm\source\client\Font\BRLNSB.TTF
DataFormat:sfntData
FileLength:96880
FileModTime:1298257392
WeightClass:700
WidthClass:5
AngleClass:0
%EndFont

%BeginFont
Handler:DirectoryHandler
FontType:TrueType
FontName:BerlinSansFBDemi-Bold
FamilyName:Berlin Sans FB Demi
StyleName:Bold
FullName:Berlin Sans FB Demi Bold
MenuName:Berlin Sans FB Demi
StyleBits:2
WritingScript:Roman
OutlineFileName:F:\flash\BattleFarm\source\client\Font\BRLNSDB.TTF
DataFormat:sfntData
FileLength:96852
FileModTime:1298257388
WeightClass:700
WidthClass:5
AngleClass:0
%EndFont

%BeginFont
Handler:DirectoryHandler
FontType:TrueType
FontName:BerlinSansFB-Reg
FamilyName:Berlin Sans FB
StyleName:Regular
FullName:Berlin Sans FB
MenuName:Berlin Sans FB
StyleBits:0
WritingScript:Roman
OutlineFileName:F:\flash\BattleFarm\source\client\Font\BRLNSR.TTF
DataFormat:sfntData
FileLength:97284
FileModTime:1298257384
WeightClass:400
WidthClass:5
AngleClass:0
%EndFont

